Using pre-set license
Built from '2020.3/staging' branch; Version is '2020.3.4f1 (0abb6314276a) revision 703331'; Using compiler version '192528614'; Build Type 'Release'
OS: 'Windows 10 Home; OS build 19042.1110; Version 2009; 64bit' Language: 'en' Physical Memory: 16238 MB
BatchMode: 1, IsHumanControllingUs: 0, StartBugReporterOnCrash: 0, Is64bit: 1, IsPro: 0

 COMMAND LINE ARGUMENTS:
D:\Unity\Projects\2020.3.4f1\Editor\Unity.exe
-adb2
-batchMode
-noUpm
-name
AssetImportWorker0
-projectPath
C:/Users/tomer/OneDrive/Documents/GitHub/Terrain_Battle_3D
-logFile
Logs/AssetImportWorker0.log
-srvPort
63412
Successfully changed project path to: C:/Users/tomer/OneDrive/Documents/GitHub/Terrain_Battle_3D
C:/Users/tomer/OneDrive/Documents/GitHub/Terrain_Battle_3D
Using Asset Import Pipeline V2.
Refreshing native plugins compatible for Editor in 37.65 ms, found 0 plugins.
Preloading 0 native plugins for Editor in 0.00 ms.
Initialize engine version: 2020.3.4f1 (0abb6314276a)
[Subsystems] Discovering subsystems at path D:/Unity/Projects/2020.3.4f1/Editor/Data/Resources/UnitySubsystems
[Subsystems] Discovering subsystems at path C:/Users/tomer/OneDrive/Documents/GitHub/Terrain_Battle_3D/Assets
GfxDevice: creating device client; threaded=0
Direct3D:
    Version:  Direct3D 11.0 [level 11.1]
    Renderer: NVIDIA GeForce GTX 1050 Ti (ID=0x1c8c)
    Vendor:   
    VRAM:     4021 MB
    Driver:   27.21.14.5709
Initialize mono
Mono path[0] = 'D:/Unity/Projects/2020.3.4f1/Editor/Data/Managed'
Mono path[1] = 'D:/Unity/Projects/2020.3.4f1/Editor/Data/MonoBleedingEdge/lib/mono/unityjit'
Mono config path = 'D:/Unity/Projects/2020.3.4f1/Editor/Data/MonoBleedingEdge/etc'
Using monoOptions --debugger-agent=transport=dt_socket,embedding=1,server=y,suspend=n,address=127.0.0.1:56248
Begin MonoManager ReloadAssembly
Registering precompiled unity dll's ...
Register platform support module: D:/Unity/Projects/2020.3.4f1/Editor/Data/PlaybackEngines/WindowsStandaloneSupport/UnityEditor.WindowsStandalone.Extensions.dll
Registered in 0.001500 seconds.
Native extension for WindowsStandalone target not found
Refreshing native plugins compatible for Editor in 32.12 ms, found 0 plugins.
Preloading 0 native plugins for Editor in 0.00 ms.
Mono: successfully reloaded assembly
- Completed reload, in  3.002 seconds
Platform modules already initialized, skipping
Registering precompiled user dll's ...
Registered in 0.001187 seconds.
Begin MonoManager ReloadAssembly
Native extension for WindowsStandalone target not found
Refreshing native plugins compatible for Editor in 0.38 ms, found 0 plugins.
Preloading 0 native plugins for Editor in 0.00 ms.
Mono: successfully reloaded assembly
- Completed reload, in  1.204 seconds
Platform modules already initialized, skipping
========================================================================
Worker process is ready to serve import requests
Launched and connected shader compiler UnityShaderCompiler.exe after 0.07 seconds
Refreshing native plugins compatible for Editor in 0.24 ms, found 0 plugins.
Preloading 0 native plugins for Editor in 0.00 ms.
Unloading 1138 Unused Serialized files (Serialized files now loaded: 0)
System memory in use before: 57.5 MB.
System memory in use after: 57.6 MB.

Unloading 9 unused Assets to reduce memory usage. Loaded Objects now: 1581.
Total: 2.778600 ms (FindLiveObjects: 0.204700 ms CreateObjectMapping: 0.086300 ms MarkObjects: 2.379100 ms  DeleteObjects: 0.107300 ms)

========================================================================
Received Import Request.
  path: Assets/_Game/Scenes/Game.unity
  artifactKey: Guid(c4ad1319647c65746ab70885c7dcd495) Importer(815301076,1909f56bfc062723c751e8b465ee728b)
Start importing Assets/_Game/Scenes/Game.unity using Guid(c4ad1319647c65746ab70885c7dcd495) Importer(815301076,1909f56bfc062723c751e8b465ee728b)  -> (artifact id: '2979a2cec16153809020323ca67a52a8') in 0.020201 seconds
  Import took 0.022986 seconds .

========================================================================
Received Import Request.
  Time since last request: 0.000470 seconds.
  path: Assets/_Game/Scenes
  artifactKey: Guid(65f5ddc6ad1ebdc459fdcd052c2f89e7) Importer(815301076,1909f56bfc062723c751e8b465ee728b)
Start importing Assets/_Game/Scenes using Guid(65f5ddc6ad1ebdc459fdcd052c2f89e7) Importer(815301076,1909f56bfc062723c751e8b465ee728b)  -> (artifact id: '8a30bc47cfe7425a3d500b833c724d75') in 0.010661 seconds
  Import took 0.014208 seconds .

========================================================================
Received Import Request.
  Time since last request: 0.000653 seconds.
  path: Assets/_Game
  artifactKey: Guid(fe00db1da87c84d4bae2a56c93940fc7) Importer(815301076,1909f56bfc062723c751e8b465ee728b)
Start importing Assets/_Game using Guid(fe00db1da87c84d4bae2a56c93940fc7) Importer(815301076,1909f56bfc062723c751e8b465ee728b)  -> (artifact id: '3524db128b308d5a7282dcd8cfb46309') in 0.010508 seconds
  Import took 0.013192 seconds .

========================================================================
Received Import Request.
  Time since last request: 5.680553 seconds.
  path: Assets/_Game/Scenes/SampleScene
  artifactKey: Guid(6cde2a69b6cedfc4f9b66bdba5951dc3) Importer(815301076,1909f56bfc062723c751e8b465ee728b)
Start importing Assets/_Game/Scenes/SampleScene using Guid(6cde2a69b6cedfc4f9b66bdba5951dc3) Importer(815301076,1909f56bfc062723c751e8b465ee728b)  -> (artifact id: '941d5af7e48393e035498673e76f2863') in 0.010421 seconds
  Import took 0.013641 seconds .

========================================================================
Received Import Request.
  Time since last request: 0.062501 seconds.
  path: Assets/_Game/Scenes/SampleScene/LightingData.asset
  artifactKey: Guid(ecc045fa0764a67428a2f16b6edfd34b) Importer(815301076,1909f56bfc062723c751e8b465ee728b)
Start importing Assets/_Game/Scenes/SampleScene/LightingData.asset using Guid(ecc045fa0764a67428a2f16b6edfd34b) Importer(815301076,1909f56bfc062723c751e8b465ee728b)  -> (artifact id: 'a2801c925232a540f3452cd8507bf70c') in 0.036382 seconds
  Import took 0.038714 seconds .

========================================================================
Received Import Request.
  Time since last request: 0.000333 seconds.
  path: Assets/_Game/Scenes/SampleScene/ReflectionProbe-0.exr
  artifactKey: Guid(42a7ab467bad8494293877e080a132c2) Importer(815301076,1909f56bfc062723c751e8b465ee728b)
Start importing Assets/_Game/Scenes/SampleScene/ReflectionProbe-0.exr using Guid(42a7ab467bad8494293877e080a132c2) Importer(815301076,1909f56bfc062723c751e8b465ee728b)  -> (artifact id: '38a036ef6b47e68a8c1386ad0356f5c5') in 0.125045 seconds
  Import took 0.127098 seconds .

========================================================================
Received Import Request.
  Time since last request: 1.565081 seconds.
  path: Assets/_Game/Scenes/SampleScene.unity
  artifactKey: Guid(9fc0d4010bbf28b4594072e72b8655ab) Importer(815301076,1909f56bfc062723c751e8b465ee728b)
Start importing Assets/_Game/Scenes/SampleScene.unity using Guid(9fc0d4010bbf28b4594072e72b8655ab) Importer(815301076,1909f56bfc062723c751e8b465ee728b)  -> (artifact id: 'a348f058b544064a7f112871e86d91d3') in 0.010506 seconds
  Import took 0.013249 seconds .

========================================================================
Received Prepare
Registering precompiled user dll's ...
Registered in 0.003800 seconds.
Begin MonoManager ReloadAssembly
Native extension for WindowsStandalone target not found
Refreshing native plugins compatible for Editor in 0.57 ms, found 0 plugins.
Preloading 0 native plugins for Editor in 0.00 ms.
Mono: successfully reloaded assembly
- Completed reload, in  1.292 seconds
Platform modules already initialized, skipping
Refreshing native plugins compatible for Editor in 0.24 ms, found 0 plugins.
Preloading 0 native plugins for Editor in 0.00 ms.
Unloading 1132 Unused Serialized files (Serialized files now loaded: 0)
System memory in use before: 60.7 MB.
System memory in use after: 60.8 MB.

Unloading 4 unused Assets to reduce memory usage. Loaded Objects now: 1616.
Total: 3.670900 ms (FindLiveObjects: 0.283800 ms CreateObjectMapping: 0.146000 ms MarkObjects: 3.214100 ms  DeleteObjects: 0.024500 ms)

========================================================================
Received Prepare
Registering precompiled user dll's ...
Registered in 0.001471 seconds.
Begin MonoManager ReloadAssembly
Native extension for WindowsStandalone target not found
Refreshing native plugins compatible for Editor in 0.25 ms, found 0 plugins.
Preloading 0 native plugins for Editor in 0.00 ms.
Mono: successfully reloaded assembly
- Completed reload, in  0.984 seconds
Platform modules already initialized, skipping
Refreshing native plugins compatible for Editor in 0.23 ms, found 0 plugins.
Preloading 0 native plugins for Editor in 0.00 ms.
Unloading 1132 Unused Serialized files (Serialized files now loaded: 0)
System memory in use before: 60.7 MB.
System memory in use after: 60.8 MB.

Unloading 4 unused Assets to reduce memory usage. Loaded Objects now: 1619.
Total: 2.274600 ms (FindLiveObjects: 0.286500 ms CreateObjectMapping: 0.086500 ms MarkObjects: 1.882700 ms  DeleteObjects: 0.017800 ms)

========================================================================
Received Prepare
Registering precompiled user dll's ...
Registered in 0.002098 seconds.
Begin MonoManager ReloadAssembly
Native extension for WindowsStandalone target not found
Refreshing native plugins compatible for Editor in 0.44 ms, found 0 plugins.
Preloading 0 native plugins for Editor in 0.00 ms.
Mono: successfully reloaded assembly
- Completed reload, in  1.381 seconds
Platform modules already initialized, skipping
Refreshing native plugins compatible for Editor in 0.47 ms, found 0 plugins.
Preloading 0 native plugins for Editor in 0.00 ms.
Unloading 1132 Unused Serialized files (Serialized files now loaded: 0)
System memory in use before: 60.7 MB.
System memory in use after: 60.8 MB.

Unloading 4 unused Assets to reduce memory usage. Loaded Objects now: 1622.
Total: 3.453800 ms (FindLiveObjects: 0.657500 ms CreateObjectMapping: 0.144400 ms MarkObjects: 2.630900 ms  DeleteObjects: 0.019400 ms)

========================================================================
Received Import Request.
  Time since last request: 15520.225671 seconds.
  path: Assets/_Game/UI
  artifactKey: Guid(2e2814b78ec204e42be400f736ccbbc0) Importer(815301076,1909f56bfc062723c751e8b465ee728b)
Start importing Assets/_Game/UI using Guid(2e2814b78ec204e42be400f736ccbbc0) Importer(815301076,1909f56bfc062723c751e8b465ee728b)  -> (artifact id: '77afbc559de0b0a8c521e4adf147bd02') in 0.016304 seconds
  Import took 0.020024 seconds .

========================================================================
Received Import Request.
  Time since last request: 5.128595 seconds.
  path: Assets/_Game/UI/Flags
  artifactKey: Guid(c70c550172ab24345aed69b8dd2f0314) Importer(815301076,1909f56bfc062723c751e8b465ee728b)
Start importing Assets/_Game/UI/Flags using Guid(c70c550172ab24345aed69b8dd2f0314) Importer(815301076,1909f56bfc062723c751e8b465ee728b)  -> (artifact id: '746ead523fd825543ee06892aa9aa3bd') in 0.013920 seconds
  Import took 0.016308 seconds .

========================================================================
Received Import Request.
  Time since last request: 0.004376 seconds.
  path: Assets/_Game/UI/Flags
  artifactKey: Guid(c70c550172ab24345aed69b8dd2f0314) Importer(815301076,1909f56bfc062723c751e8b465ee728b)
Start importing Assets/_Game/UI/Flags using Guid(c70c550172ab24345aed69b8dd2f0314) Importer(815301076,1909f56bfc062723c751e8b465ee728b)  -> (artifact id: '746ead523fd825543ee06892aa9aa3bd') in 0.007797 seconds
  Import took 0.011563 seconds .

========================================================================
Received Import Request.
  Time since last request: 7.219984 seconds.
  path: Assets/_Game/UI/Flags/ycog74rgi.gif
  artifactKey: Guid(4e2e523d78b46ea42bb4a262f307f057) Importer(815301076,1909f56bfc062723c751e8b465ee728b)
Start importing Assets/_Game/UI/Flags/ycog74rgi.gif using Guid(4e2e523d78b46ea42bb4a262f307f057) Importer(815301076,1909f56bfc062723c751e8b465ee728b)  -> (artifact id: '2355d7d68f2d2287ce545cac441f5962') in 0.146936 seconds
  Import took 0.149178 seconds .

========================================================================
Received Import Request.
  Time since last request: 3.191783 seconds.
  path: Assets/_Game/UI/Flags/9czE6RkRi.gif
  artifactKey: Guid(2d4b88e294fa0e84b8b0710506c974e2) Importer(815301076,1909f56bfc062723c751e8b465ee728b)
Start importing Assets/_Game/UI/Flags/9czE6RkRi.gif using Guid(2d4b88e294fa0e84b8b0710506c974e2) Importer(815301076,1909f56bfc062723c751e8b465ee728b)  -> (artifact id: 'b16c5fd88163d267d8c980cf29ad448a') in 0.024469 seconds
  Import took 0.029191 seconds .

========================================================================
Received Import Request.
  Time since last request: 0.002914 seconds.
  path: Assets/_Game/UI/Flags/9czE6RkRi.gif
  artifactKey: Guid(2d4b88e294fa0e84b8b0710506c974e2) Importer(815301076,1909f56bfc062723c751e8b465ee728b)
Start importing Assets/_Game/UI/Flags/9czE6RkRi.gif using Guid(2d4b88e294fa0e84b8b0710506c974e2) Importer(815301076,1909f56bfc062723c751e8b465ee728b)  -> (artifact id: 'b16c5fd88163d267d8c980cf29ad448a') in 0.011601 seconds
  Import took 0.014642 seconds .

AssetImportWorkerClient::OnTransportError - code=2 error=End of file
