Using pre-set license
Built from '2020.3/staging' branch; Version is '2020.3.4f1 (0abb6314276a) revision 703331'; Using compiler version '192528614'; Build Type 'Release'
OS: 'Windows 10 Home; OS build 19042.1110; Version 2009; 64bit' Language: 'en' Physical Memory: 16238 MB
BatchMode: 1, IsHumanControllingUs: 0, StartBugReporterOnCrash: 0, Is64bit: 1, IsPro: 0

 COMMAND LINE ARGUMENTS:
D:\Unity\Projects\2020.3.4f1\Editor\Unity.exe
-adb2
-batchMode
-noUpm
-name
AssetImportWorker0
-projectPath
C:/Users/tomer/OneDrive/Documents/GitHub/Terrain_Battle_3D
-logFile
Logs/AssetImportWorker0.log
-srvPort
57083
Successfully changed project path to: C:/Users/tomer/OneDrive/Documents/GitHub/Terrain_Battle_3D
C:/Users/tomer/OneDrive/Documents/GitHub/Terrain_Battle_3D
Using Asset Import Pipeline V2.
Refreshing native plugins compatible for Editor in 53.89 ms, found 3 plugins.
Preloading 0 native plugins for Editor in 0.00 ms.
Initialize engine version: 2020.3.4f1 (0abb6314276a)
[Subsystems] Discovering subsystems at path D:/Unity/Projects/2020.3.4f1/Editor/Data/Resources/UnitySubsystems
[Subsystems] Discovering subsystems at path C:/Users/tomer/OneDrive/Documents/GitHub/Terrain_Battle_3D/Assets
GfxDevice: creating device client; threaded=0
Direct3D:
    Version:  Direct3D 11.0 [level 11.1]
    Renderer: NVIDIA GeForce GTX 1050 Ti (ID=0x1c8c)
    Vendor:   
    VRAM:     4021 MB
    Driver:   27.21.14.5709
Initialize mono
Mono path[0] = 'D:/Unity/Projects/2020.3.4f1/Editor/Data/Managed'
Mono path[1] = 'D:/Unity/Projects/2020.3.4f1/Editor/Data/MonoBleedingEdge/lib/mono/unityjit'
Mono config path = 'D:/Unity/Projects/2020.3.4f1/Editor/Data/MonoBleedingEdge/etc'
Using monoOptions --debugger-agent=transport=dt_socket,embedding=1,server=y,suspend=n,address=127.0.0.1:56728
Begin MonoManager ReloadAssembly
Registering precompiled unity dll's ...
Register platform support module: D:/Unity/Projects/2020.3.4f1/Editor/Data/PlaybackEngines/WindowsStandaloneSupport/UnityEditor.WindowsStandalone.Extensions.dll
Registered in 0.001700 seconds.
Native extension for WindowsStandalone target not found
Refreshing native plugins compatible for Editor in 66.03 ms, found 3 plugins.
Preloading 0 native plugins for Editor in 0.00 ms.
Mono: successfully reloaded assembly
- Completed reload, in  3.023 seconds
Platform modules already initialized, skipping
Registering precompiled user dll's ...
Registered in 0.003580 seconds.
Begin MonoManager ReloadAssembly
Native extension for WindowsStandalone target not found
Refreshing native plugins compatible for Editor in 0.48 ms, found 3 plugins.
Preloading 0 native plugins for Editor in 0.00 ms.
Mono: successfully reloaded assembly
- Completed reload, in  1.370 seconds
Platform modules already initialized, skipping
========================================================================
Worker process is ready to serve import requests
Launched and connected shader compiler UnityShaderCompiler.exe after 0.10 seconds
Refreshing native plugins compatible for Editor in 0.66 ms, found 3 plugins.
Preloading 0 native plugins for Editor in 0.00 ms.
Unloading 1317 Unused Serialized files (Serialized files now loaded: 0)
System memory in use before: 67.1 MB.
System memory in use after: 46.6 MB.

Unloading 17 unused Assets to reduce memory usage. Loaded Objects now: 1761.
Total: 2.668900 ms (FindLiveObjects: 0.326800 ms CreateObjectMapping: 0.114300 ms MarkObjects: 2.149600 ms  DeleteObjects: 0.076900 ms)

========================================================================
Received Import Request.
  path: Assets/_Game/Prefabs/GameManager.prefab
  artifactKey: Guid(c4820171274bb4d4097c5bd914095891) Importer(815301076,1909f56bfc062723c751e8b465ee728b)
Start importing Assets/_Game/Prefabs/GameManager.prefab using Guid(c4820171274bb4d4097c5bd914095891) Importer(815301076,1909f56bfc062723c751e8b465ee728b)  -> (artifact id: '3ccbe8b48217d21d2f7163034daf3154') in 0.111356 seconds
  Import took 0.114711 seconds .

========================================================================
Received Import Request.
  Time since last request: 0.000419 seconds.
  path: Assets/_Game/Prefabs/Player.prefab
  artifactKey: Guid(ff2fdb71b3b017d4ab0dcc5ee9445270) Importer(815301076,1909f56bfc062723c751e8b465ee728b)
Start importing Assets/_Game/Prefabs/Player.prefab using Guid(ff2fdb71b3b017d4ab0dcc5ee9445270) Importer(815301076,1909f56bfc062723c751e8b465ee728b)  -> (artifact id: '0e933907619f577e420fa18c8bcca633') in 0.207727 seconds
  Import took 0.211178 seconds .

========================================================================
Received Import Request.
  Time since last request: 0.000380 seconds.
  path: Assets/_Game/Prefabs/Enemy.prefab
  artifactKey: Guid(13065b633c1bb604da0c5ffb772589ad) Importer(815301076,1909f56bfc062723c751e8b465ee728b)
Start importing Assets/_Game/Prefabs/Enemy.prefab using Guid(13065b633c1bb604da0c5ffb772589ad) Importer(815301076,1909f56bfc062723c751e8b465ee728b)  -> (artifact id: 'a83e113c53774daf0212389b5a132013') in 0.035647 seconds
  Import took 0.042647 seconds .

========================================================================
Received Import Request.
  Time since last request: 0.000814 seconds.
  path: Assets/_Game/Prefabs/Percent Slider Canvas.prefab
  artifactKey: Guid(fe6fcdd820200d044a4afb55b0e729ca) Importer(815301076,1909f56bfc062723c751e8b465ee728b)
Start importing Assets/_Game/Prefabs/Percent Slider Canvas.prefab using Guid(fe6fcdd820200d044a4afb55b0e729ca) Importer(815301076,1909f56bfc062723c751e8b465ee728b)  -> (artifact id: 'd08498ae05a475c1bfb8982141295cc8') in 0.150994 seconds
  Import took 0.154826 seconds .

========================================================================
Received Import Request.
  Time since last request: 19.019550 seconds.
  path: Assets/_Game/Animations
  artifactKey: Guid(0053935d2e0618f4b880f880b729baa8) Importer(815301076,1909f56bfc062723c751e8b465ee728b)
Start importing Assets/_Game/Animations using Guid(0053935d2e0618f4b880f880b729baa8) Importer(815301076,1909f56bfc062723c751e8b465ee728b)  -> (artifact id: '730eb7a8b219a982803118f263bcb46c') in 0.021344 seconds
  Import took 0.026257 seconds .

========================================================================
Received Prepare
Registering precompiled user dll's ...
Registered in 0.003454 seconds.
Begin MonoManager ReloadAssembly
Native extension for WindowsStandalone target not found
Refreshing native plugins compatible for Editor in 2.11 ms, found 3 plugins.
Preloading 0 native plugins for Editor in 0.00 ms.
Mono: successfully reloaded assembly
- Completed reload, in  1.387 seconds
Platform modules already initialized, skipping
Refreshing native plugins compatible for Editor in 0.52 ms, found 3 plugins.
Preloading 0 native plugins for Editor in 0.00 ms.
Unloading 1290 Unused Serialized files (Serialized files now loaded: 0)
System memory in use before: 68.2 MB.
System memory in use after: 68.3 MB.

Unloading 15 unused Assets to reduce memory usage. Loaded Objects now: 1775.
Total: 2.366800 ms (FindLiveObjects: 0.549900 ms CreateObjectMapping: 0.119000 ms MarkObjects: 1.669200 ms  DeleteObjects: 0.026700 ms)

========================================================================
Received Import Request.
  Time since last request: 450.015947 seconds.
  path: Assets/_Game/Scenes/Roy.unity
  artifactKey: Guid(bc143e04044c5034b83b9a8b3d4d447e) Importer(815301076,1909f56bfc062723c751e8b465ee728b)
Start importing Assets/_Game/Scenes/Roy.unity using Guid(bc143e04044c5034b83b9a8b3d4d447e) Importer(815301076,1909f56bfc062723c751e8b465ee728b)  -> (artifact id: '1f5a7dfd17293c3aa9527092d7a44bca') in 0.028315 seconds
  Import took 0.036990 seconds .

========================================================================
Received Prepare
Registering precompiled user dll's ...
Registered in 0.003658 seconds.
Begin MonoManager ReloadAssembly
Native extension for WindowsStandalone target not found
Refreshing native plugins compatible for Editor in 0.76 ms, found 3 plugins.
Preloading 0 native plugins for Editor in 0.00 ms.
Mono: successfully reloaded assembly
- Completed reload, in  1.293 seconds
Platform modules already initialized, skipping
Refreshing native plugins compatible for Editor in 0.69 ms, found 3 plugins.
Preloading 0 native plugins for Editor in 0.00 ms.
Unloading 1290 Unused Serialized files (Serialized files now loaded: 0)
System memory in use before: 68.2 MB.
System memory in use after: 68.3 MB.

Unloading 12 unused Assets to reduce memory usage. Loaded Objects now: 1778.
Total: 3.116700 ms (FindLiveObjects: 0.300200 ms CreateObjectMapping: 0.077800 ms MarkObjects: 2.696300 ms  DeleteObjects: 0.025400 ms)

========================================================================
Received Prepare
Registering precompiled user dll's ...
Registered in 0.011065 seconds.
Begin MonoManager ReloadAssembly
Native extension for WindowsStandalone target not found
Refreshing native plugins compatible for Editor in 0.89 ms, found 3 plugins.
Preloading 0 native plugins for Editor in 0.00 ms.
Mono: successfully reloaded assembly
- Completed reload, in  1.659 seconds
Platform modules already initialized, skipping
Refreshing native plugins compatible for Editor in 2.54 ms, found 3 plugins.
Preloading 0 native plugins for Editor in 0.00 ms.
Unloading 1290 Unused Serialized files (Serialized files now loaded: 0)
System memory in use before: 68.2 MB.
System memory in use after: 68.3 MB.

Unloading 12 unused Assets to reduce memory usage. Loaded Objects now: 1781.
Total: 6.888600 ms (FindLiveObjects: 1.281700 ms CreateObjectMapping: 0.409100 ms MarkObjects: 5.148400 ms  DeleteObjects: 0.036900 ms)

========================================================================
Received Import Request.
  Time since last request: 218.969233 seconds.
  path: Assets/_Game/VFX/CFX2_Blood.prefab
  artifactKey: Guid(cee6785d26d43454b88328409b52b7cd) Importer(815301076,1909f56bfc062723c751e8b465ee728b)
Start importing Assets/_Game/VFX/CFX2_Blood.prefab using Guid(cee6785d26d43454b88328409b52b7cd) Importer(815301076,1909f56bfc062723c751e8b465ee728b)  -> (artifact id: '7a68df91bf293ad767b824f074a94c34') in 0.088584 seconds
  Import took 0.094641 seconds .

========================================================================
Received Import Request.
  Time since last request: 0.000270 seconds.
  path: Assets/_Game/VFX/Line Impact.prefab
  artifactKey: Guid(8113e5fd8b6577540bea1b7b2c55c357) Importer(815301076,1909f56bfc062723c751e8b465ee728b)
Start importing Assets/_Game/VFX/Line Impact.prefab using Guid(8113e5fd8b6577540bea1b7b2c55c357) Importer(815301076,1909f56bfc062723c751e8b465ee728b)  -> (artifact id: '72ccb357acaf83ecf009aaee389c68b3') in 0.016794 seconds
  Import took 0.022704 seconds .

========================================================================
Received Import Request.
  Time since last request: 0.000253 seconds.
  path: Assets/_Game/VFX/Terrain Finish.prefab
  artifactKey: Guid(f839cb2f2afa33c4ba2793ed41b0c466) Importer(815301076,1909f56bfc062723c751e8b465ee728b)
Start importing Assets/_Game/VFX/Terrain Finish.prefab using Guid(f839cb2f2afa33c4ba2793ed41b0c466) Importer(815301076,1909f56bfc062723c751e8b465ee728b)  -> (artifact id: '6916934a65134e476d6352b6e7eb1b36') in 0.033790 seconds
  Import took 0.044712 seconds .

========================================================================
Received Import Request.
  Time since last request: 121.346512 seconds.
  path: Assets/_Game/Fonts/Answer3DFilled SDF.asset
  artifactKey: Guid(0e118c104e8924c44aea6a595d0a4626) Importer(815301076,1909f56bfc062723c751e8b465ee728b)
Start importing Assets/_Game/Fonts/Answer3DFilled SDF.asset using Guid(0e118c104e8924c44aea6a595d0a4626) Importer(815301076,1909f56bfc062723c751e8b465ee728b)  -> (artifact id: 'd3710c104ebf0b9a079adfafcd7a36ad') in 0.287168 seconds
  Import took 0.303831 seconds .

========================================================================
Received Import Request.
  Time since last request: 1.107044 seconds.
  path: Assets/TextMesh Pro/Fonts/LiberationSans.ttf
  artifactKey: Guid(e3265ab4bf004d28a9537516768c1c75) Importer(815301076,1909f56bfc062723c751e8b465ee728b)
Start importing Assets/TextMesh Pro/Fonts/LiberationSans.ttf using Guid(e3265ab4bf004d28a9537516768c1c75) Importer(815301076,1909f56bfc062723c751e8b465ee728b)  -> (artifact id: 'aa208cb325200d721fe22e5fac627786') in 0.066784 seconds
  Import took 0.079321 seconds .

========================================================================
Received Import Request.
  Time since last request: 0.098565 seconds.
  path: Assets/TextMesh Pro/Fonts/LiberationSans.ttf
  artifactKey: Guid(e3265ab4bf004d28a9537516768c1c75) Importer(815301076,1909f56bfc062723c751e8b465ee728b)
Start importing Assets/TextMesh Pro/Fonts/LiberationSans.ttf using Guid(e3265ab4bf004d28a9537516768c1c75) Importer(815301076,1909f56bfc062723c751e8b465ee728b)  -> (artifact id: 'aa208cb325200d721fe22e5fac627786') in 0.039257 seconds
  Import took 0.045591 seconds .

========================================================================
Received Import Request.
  Time since last request: 395.778877 seconds.
  path: Assets/_Game/Scripts/GameManager.cs
  artifactKey: Guid(70e05b48175136d48aa539d281337f21) Importer(815301076,1909f56bfc062723c751e8b465ee728b)
Start importing Assets/_Game/Scripts/GameManager.cs using Guid(70e05b48175136d48aa539d281337f21) Importer(815301076,1909f56bfc062723c751e8b465ee728b)  -> (artifact id: '2562f1d618d923a6be4bacc620675f50') in 0.024821 seconds
  Import took 0.029236 seconds .

========================================================================
Received Import Request.
  Time since last request: 0.059560 seconds.
  path: Assets/_Game/Scripts/GameManager.cs
  artifactKey: Guid(70e05b48175136d48aa539d281337f21) Importer(815301076,1909f56bfc062723c751e8b465ee728b)
Start importing Assets/_Game/Scripts/GameManager.cs using Guid(70e05b48175136d48aa539d281337f21) Importer(815301076,1909f56bfc062723c751e8b465ee728b)  -> (artifact id: '2562f1d618d923a6be4bacc620675f50') in 0.011940 seconds
  Import took 0.022380 seconds .

========================================================================
Received Prepare
Registering precompiled user dll's ...
Registered in 0.008396 seconds.
Begin MonoManager ReloadAssembly
